09/07/2022 14:01:28 DEBUG fa.training.config.HibernateConfig - Scan entities package success
09/07/2022 14:01:28 DEBUG fa.training.config.HibernateConfig - Add Bill to Metadata
09/07/2022 14:01:28 DEBUG fa.training.config.HibernateConfig - Add Employee to Metadata
09/07/2022 14:01:28 DEBUG fa.training.config.HibernateConfig - Add Apartment to Metadata
09/07/2022 14:01:28 DEBUG fa.training.config.HibernateConfig - Add Role to Metadata
09/07/2022 14:01:28 DEBUG fa.training.config.HibernateConfig - Add Customer to Metadata
09/07/2022 14:01:59 DEBUG fa.training.config.HibernateConfig - Scan entities package success
09/07/2022 14:01:59 DEBUG fa.training.config.HibernateConfig - Add Bill to Metadata
09/07/2022 14:01:59 DEBUG fa.training.config.HibernateConfig - Add Employee to Metadata
09/07/2022 14:01:59 DEBUG fa.training.config.HibernateConfig - Add Apartment to Metadata
09/07/2022 14:01:59 DEBUG fa.training.config.HibernateConfig - Add Role to Metadata
09/07/2022 14:01:59 DEBUG fa.training.config.HibernateConfig - Add Customer to Metadata
09/07/2022 14:02:02 DEBUG fa.training.config.HibernateConfig - Create Session Factory success
09/07/2022 14:02:54 DEBUG fa.training.config.HibernateConfig - Scan entities package success
09/07/2022 14:02:54 DEBUG fa.training.config.HibernateConfig - Add Bill to Metadata
09/07/2022 14:02:54 DEBUG fa.training.config.HibernateConfig - Add Employee to Metadata
09/07/2022 14:02:54 DEBUG fa.training.config.HibernateConfig - Add Apartment to Metadata
09/07/2022 14:02:54 DEBUG fa.training.config.HibernateConfig - Add Role to Metadata
09/07/2022 14:02:54 DEBUG fa.training.config.HibernateConfig - Add Customer to Metadata
09/07/2022 14:02:56 DEBUG fa.training.config.HibernateConfig - Create Session Factory success
09/07/2022 14:04:04 DEBUG fa.training.config.HibernateConfig - Scan entities package success
09/07/2022 14:04:04 DEBUG fa.training.config.HibernateConfig - Add Bill to Metadata
09/07/2022 14:04:04 DEBUG fa.training.config.HibernateConfig - Add Employee to Metadata
09/07/2022 14:04:04 DEBUG fa.training.config.HibernateConfig - Add Apartment to Metadata
09/07/2022 14:04:04 DEBUG fa.training.config.HibernateConfig - Add Role to Metadata
09/07/2022 14:04:04 DEBUG fa.training.config.HibernateConfig - Add Customer to Metadata
09/07/2022 14:04:06 DEBUG fa.training.config.HibernateConfig - Create Session Factory success
09/07/2022 14:06:29 DEBUG fa.training.config.HibernateConfig - Scan entities package success
09/07/2022 14:06:29 DEBUG fa.training.config.HibernateConfig - Add Bill to Metadata
09/07/2022 14:06:29 DEBUG fa.training.config.HibernateConfig - Add Employee to Metadata
09/07/2022 14:06:29 DEBUG fa.training.config.HibernateConfig - Add Apartment to Metadata
09/07/2022 14:06:29 DEBUG fa.training.config.HibernateConfig - Add Role to Metadata
09/07/2022 14:06:29 DEBUG fa.training.config.HibernateConfig - Add Customer to Metadata
09/07/2022 14:06:30 DEBUG fa.training.config.HibernateConfig - Create Session Factory success
09/07/2022 14:17:20 DEBUG fa.training.config.HibernateConfig - Scan entities package success
09/07/2022 14:17:20 DEBUG fa.training.config.HibernateConfig - Add Bill to Metadata
09/07/2022 14:17:20 DEBUG fa.training.config.HibernateConfig - Add Employee to Metadata
09/07/2022 14:17:20 DEBUG fa.training.config.HibernateConfig - Add Apartment to Metadata
09/07/2022 14:17:20 DEBUG fa.training.config.HibernateConfig - Add Role to Metadata
09/07/2022 14:17:20 DEBUG fa.training.config.HibernateConfig - Add Customer to Metadata
09/07/2022 14:17:21 DEBUG fa.training.config.HibernateConfig - Create Session Factory success
09/07/2022 14:17:50 DEBUG fa.training.config.HibernateConfig - Scan entities package success
09/07/2022 14:17:50 DEBUG fa.training.config.HibernateConfig - Add Bill to Metadata
09/07/2022 14:17:50 DEBUG fa.training.config.HibernateConfig - Add Employee to Metadata
09/07/2022 14:17:50 DEBUG fa.training.config.HibernateConfig - Add Apartment to Metadata
09/07/2022 14:17:50 DEBUG fa.training.config.HibernateConfig - Add Role to Metadata
09/07/2022 14:17:50 DEBUG fa.training.config.HibernateConfig - Add Customer to Metadata
09/07/2022 14:17:52 DEBUG fa.training.config.HibernateConfig - Create Session Factory success
09/07/2022 14:49:55 DEBUG fa.training.config.HibernateConfig - Scan entities package success
09/07/2022 14:49:55 DEBUG fa.training.config.HibernateConfig - Add Bill to Metadata
09/07/2022 14:49:55 DEBUG fa.training.config.HibernateConfig - Add Employee to Metadata
09/07/2022 14:49:55 DEBUG fa.training.config.HibernateConfig - Add Apartment to Metadata
09/07/2022 14:49:55 DEBUG fa.training.config.HibernateConfig - Add Role to Metadata
09/07/2022 14:49:55 DEBUG fa.training.config.HibernateConfig - Add Customer to Metadata
09/07/2022 14:49:57 DEBUG fa.training.config.HibernateConfig - Create Session Factory success
09/07/2022 14:52:30 DEBUG fa.training.config.HibernateConfig - Scan entities package success
09/07/2022 14:52:30 DEBUG fa.training.config.HibernateConfig - Add Bill to Metadata
09/07/2022 14:52:30 DEBUG fa.training.config.HibernateConfig - Add Employee to Metadata
09/07/2022 14:52:30 DEBUG fa.training.config.HibernateConfig - Add Apartment to Metadata
09/07/2022 14:52:30 DEBUG fa.training.config.HibernateConfig - Add Role to Metadata
09/07/2022 14:52:30 DEBUG fa.training.config.HibernateConfig - Add Customer to Metadata
09/07/2022 14:52:32 DEBUG fa.training.config.HibernateConfig - Create Session Factory success
09/07/2022 15:24:11 DEBUG fa.training.config.HibernateConfig - Scan entities package success
09/07/2022 15:24:11 DEBUG fa.training.config.HibernateConfig - Add Bill to Metadata
09/07/2022 15:24:11 DEBUG fa.training.config.HibernateConfig - Add Employee to Metadata
09/07/2022 15:24:11 DEBUG fa.training.config.HibernateConfig - Add Apartment to Metadata
09/07/2022 15:24:11 DEBUG fa.training.config.HibernateConfig - Add Role to Metadata
09/07/2022 15:24:11 DEBUG fa.training.config.HibernateConfig - Add Customer to Metadata
09/07/2022 15:24:13 DEBUG fa.training.config.HibernateConfig - Create Session Factory success
09/07/2022 16:35:39 DEBUG fa.training.config.HibernateConfig - Scan entities package success
09/07/2022 16:35:39 DEBUG fa.training.config.HibernateConfig - Add Bill to Metadata
09/07/2022 16:35:39 DEBUG fa.training.config.HibernateConfig - Add Employee to Metadata
09/07/2022 16:35:39 DEBUG fa.training.config.HibernateConfig - Add Apartment to Metadata
09/07/2022 16:35:39 DEBUG fa.training.config.HibernateConfig - Add Role to Metadata
09/07/2022 16:35:39 DEBUG fa.training.config.HibernateConfig - Add Customer to Metadata
09/07/2022 16:35:40 DEBUG fa.training.config.HibernateConfig - Create Session Factory success
09/07/2022 16:39:36 DEBUG fa.training.config.HibernateConfig - Scan entities package success
09/07/2022 16:39:36 DEBUG fa.training.config.HibernateConfig - Add Bill to Metadata
09/07/2022 16:39:36 DEBUG fa.training.config.HibernateConfig - Add Employee to Metadata
09/07/2022 16:39:36 DEBUG fa.training.config.HibernateConfig - Add Apartment to Metadata
09/07/2022 16:39:36 DEBUG fa.training.config.HibernateConfig - Add Role to Metadata
09/07/2022 16:39:36 DEBUG fa.training.config.HibernateConfig - Add Customer to Metadata
09/07/2022 16:39:37 DEBUG fa.training.config.HibernateConfig - Has problem because: Unable to set auto commit to false for JDBC Connection used for DDL execution
09/07/2022 16:40:55 DEBUG fa.training.config.HibernateConfig - Scan entities package success
09/07/2022 16:40:55 DEBUG fa.training.config.HibernateConfig - Add Bill to Metadata
09/07/2022 16:40:55 DEBUG fa.training.config.HibernateConfig - Add Employee to Metadata
09/07/2022 16:40:55 DEBUG fa.training.config.HibernateConfig - Add Apartment to Metadata
09/07/2022 16:40:55 DEBUG fa.training.config.HibernateConfig - Add Role to Metadata
09/07/2022 16:40:55 DEBUG fa.training.config.HibernateConfig - Add Customer to Metadata
09/07/2022 16:41:10 DEBUG fa.training.config.HibernateConfig - Has problem because: Unable to create requested service [org.hibernate.engine.jdbc.env.spi.JdbcEnvironment]
09/07/2022 16:43:45 DEBUG fa.training.config.HibernateConfig - Scan entities package success
09/07/2022 16:43:45 DEBUG fa.training.config.HibernateConfig - Add Bill to Metadata
09/07/2022 16:43:45 DEBUG fa.training.config.HibernateConfig - Add Employee to Metadata
09/07/2022 16:43:45 DEBUG fa.training.config.HibernateConfig - Add Apartment to Metadata
09/07/2022 16:43:45 DEBUG fa.training.config.HibernateConfig - Add Role to Metadata
09/07/2022 16:43:45 DEBUG fa.training.config.HibernateConfig - Add Customer to Metadata
09/07/2022 16:43:47 DEBUG fa.training.config.HibernateConfig - Create Session Factory success
09/07/2022 16:44:37 DEBUG fa.training.config.HibernateConfig - Scan entities package success
09/07/2022 16:44:37 DEBUG fa.training.config.HibernateConfig - Add Bill to Metadata
09/07/2022 16:44:37 DEBUG fa.training.config.HibernateConfig - Add Employee to Metadata
09/07/2022 16:44:37 DEBUG fa.training.config.HibernateConfig - Add Apartment to Metadata
09/07/2022 16:44:37 DEBUG fa.training.config.HibernateConfig - Add Role to Metadata
09/07/2022 16:44:37 DEBUG fa.training.config.HibernateConfig - Add Customer to Metadata
09/07/2022 16:44:39 DEBUG fa.training.config.HibernateConfig - Create Session Factory success
09/07/2022 16:46:50 DEBUG fa.training.config.HibernateConfig - Scan entities package success
09/07/2022 16:46:50 DEBUG fa.training.config.HibernateConfig - Add Bill to Metadata
09/07/2022 16:46:50 DEBUG fa.training.config.HibernateConfig - Add Employee to Metadata
09/07/2022 16:46:50 DEBUG fa.training.config.HibernateConfig - Add Apartment to Metadata
09/07/2022 16:46:50 DEBUG fa.training.config.HibernateConfig - Add Role to Metadata
09/07/2022 16:46:50 DEBUG fa.training.config.HibernateConfig - Add Customer to Metadata
09/07/2022 16:46:52 DEBUG fa.training.config.HibernateConfig - Create Session Factory success
09/07/2022 16:52:31 DEBUG fa.training.config.HibernateConfig - Scan entities package success
09/07/2022 16:52:31 DEBUG fa.training.config.HibernateConfig - Add Bill to Metadata
09/07/2022 16:52:31 DEBUG fa.training.config.HibernateConfig - Add Employee to Metadata
09/07/2022 16:52:31 DEBUG fa.training.config.HibernateConfig - Add Apartment to Metadata
